15:32:21,816  INFO main XmlBeanDefinitionReader:315 - Loading XML bean definitions from class path resource [simple-job-launcher-context.xml]
15:32:21,915  INFO main XmlBeanDefinitionReader:315 - Loading XML bean definitions from class path resource [data-source-context.xml]
15:32:21,976  INFO main XmlBeanDefinitionReader:315 - Loading XML bean definitions from class path resource [org/springframework/batch/sample/config/common-context.xml]
15:32:22,002  INFO main XmlBeanDefinitionReader:315 - Loading XML bean definitions from class path resource [jobs/partitionFileJob.xml]
15:32:22,067  INFO main DefaultListableBeanFactory:644 - Overriding bean definition for bean 'partitionJob': replacing [Generic bean: class [org.springframework.batch.core.configuration.xml.SimpleFlowFactoryBean]; scope=; abstract=false; lazyInit=false; autowireMode=0; dependencyCheck=0; autowireCandidate=true; primary=false; factoryBeanName=null; factoryMethodName=null; initMethodName=null; destroyMethodName=null] with [Generic bean: class [org.springframework.batch.core.configuration.xml.JobParserJobFactoryBean]; scope=; abstract=false; lazyInit=false; autowireMode=0; dependencyCheck=0; autowireCandidate=true; primary=false; factoryBeanName=null; factoryMethodName=null; initMethodName=null; destroyMethodName=null]
15:32:22,074  INFO main XmlBeanDefinitionReader:315 - Loading XML bean definitions from class path resource [job-runner-context.xml]
15:32:22,124  INFO main GenericApplicationContext:510 - Refreshing org.springframework.context.support.GenericApplicationContext@6719dc16: startup date [Fri Dec 27 15:32:22 CST 2013]; root of context hierarchy
15:32:22,297  INFO main PropertyPlaceholderConfigurer:177 - Loading properties file from class path resource [batch-hsql.properties]
15:32:22,302  INFO main PropertyOverrideConfigurer:177 - Loading properties file from class path resource [batch-hsql.properties]
15:32:22,314  INFO main DefaultListableBeanFactory:644 - Overriding bean definition for bean 'fileNameListener': replacing [Generic bean: class [org.springframework.batch.sample.common.OutputFileListener]; scope=step; abstract=false; lazyInit=false; autowireMode=0; dependencyCheck=0; autowireCandidate=false; primary=false; factoryBeanName=null; factoryMethodName=null; initMethodName=null; destroyMethodName=null; defined in class path resource [jobs/partitionFileJob.xml]] with [Root bean: class [org.springframework.aop.scope.ScopedProxyFactoryBean]; scope=; abstract=false; lazyInit=false; autowireMode=0; dependencyCheck=0; autowireCandidate=true; primary=false; factoryBeanName=null; factoryMethodName=null; initMethodName=null; destroyMethodName=null; defined in BeanDefinition defined in class path resource [jobs/partitionFileJob.xml]]
15:32:22,314  INFO main DefaultListableBeanFactory:644 - Overriding bean definition for bean 'itemReader': replacing [Generic bean: class [null]; scope=step; abstract=false; lazyInit=false; autowireMode=0; dependencyCheck=0; autowireCandidate=false; primary=false; factoryBeanName=null; factoryMethodName=null; initMethodName=null; destroyMethodName=null; defined in class path resource [jobs/partitionFileJob.xml]] with [Root bean: class [org.springframework.aop.scope.ScopedProxyFactoryBean]; scope=; abstract=false; lazyInit=false; autowireMode=0; dependencyCheck=0; autowireCandidate=false; primary=false; factoryBeanName=null; factoryMethodName=null; initMethodName=null; destroyMethodName=null; defined in BeanDefinition defined in class path resource [jobs/partitionFileJob.xml]]
15:32:22,315  INFO main DefaultListableBeanFactory:644 - Overriding bean definition for bean 'itemWriter': replacing [Generic bean: class [org.springframework.batch.item.file.FlatFileItemWriter]; scope=step; abstract=false; lazyInit=false; autowireMode=0; dependencyCheck=0; autowireCandidate=false; primary=false; factoryBeanName=null; factoryMethodName=null; initMethodName=null; destroyMethodName=null; defined in class path resource [jobs/partitionFileJob.xml]] with [Root bean: class [org.springframework.aop.scope.ScopedProxyFactoryBean]; scope=; abstract=false; lazyInit=false; autowireMode=0; dependencyCheck=0; autowireCandidate=true; primary=false; factoryBeanName=null; factoryMethodName=null; initMethodName=null; destroyMethodName=null; defined in BeanDefinition defined in class path resource [jobs/partitionFileJob.xml]]
15:32:22,336  INFO main GenericApplicationContext:1374 - Bean 'jobRegistry' of type [class org.springframework.batch.core.configuration.support.MapJobRegistry] is not eligible for getting processed by all BeanPostProcessors (for example: not eligible for auto-proxying)
15:32:22,348  INFO main DefaultListableBeanFactory:577 - Pre-instantiating singletons in org.springframework.beans.factory.support.DefaultListableBeanFactory@19202d69: defining beans [org.springframework.jdbc.datasource.init.DataSourceInitializer#0,dataSource,transactionManager,environment,overrideProperties,placeholderProperties,sequenceIncrementerParent,columnIncrementerParent,incrementerParent,lobHandler,customEditorConfigurer,jobLauncher,org.springframework.batch.core.configuration.support.JobRegistryBeanPostProcessor#0,jobRepository,mapJobRepository,jobOperator,jobExplorer,jobRegistry,jdbcTemplate,logAdvice,eventAdvice,org.springframework.batch.core.scope.internalStepScope,org.springframework.beans.factory.config.CustomEditorConfigurer,org.springframework.batch.core.configuration.xml.CoreNamespacePostProcessor,step,partitionJob,partitioner,taskExecutor,step1,fileNameListener,itemReader,inputTestReader,outputTestReader,testItemReader,itemReaderParent,itemProcessor,itemWriter,org.springframework.context.annotation.internalConfigurationAnnotationProcessor,org.springframework.context.annotation.internalAutowiredAnnotationProcessor,org.springframework.context.annotation.internalRequiredAnnotationProcessor,org.springframework.context.annotation.internalCommonAnnotationProcessor,org.springframework.context.annotation.internalPersistenceAnnotationProcessor,org.springframework.batch.test.JobLauncherTestUtils#0,org.springframework.context.annotation.ConfigurationClassPostProcessor.importAwareProcessor,scopedTarget.fileNameListener,scopedTarget.itemReader,scopedTarget.itemWriter]; root of factory hierarchy
15:32:22,687  INFO main ResourceDatabasePopulator:161 - Executing SQL script from class path resource [org/springframework/batch/core/schema-drop-hsqldb.sql]
15:32:22,691  INFO main ResourceDatabasePopulator:216 - Done executing SQL script from class path resource [org/springframework/batch/core/schema-drop-hsqldb.sql] in 4 ms.
15:32:22,692  INFO main ResourceDatabasePopulator:161 - Executing SQL script from class path resource [org/springframework/batch/core/schema-hsqldb.sql]
15:32:22,700  INFO main ResourceDatabasePopulator:216 - Done executing SQL script from class path resource [org/springframework/batch/core/schema-hsqldb.sql] in 8 ms.
15:32:22,700  INFO main ResourceDatabasePopulator:161 - Executing SQL script from class path resource [business-schema-hsqldb.sql]
15:32:22,715  INFO main ResourceDatabasePopulator:216 - Done executing SQL script from class path resource [business-schema-hsqldb.sql] in 15 ms.
15:32:22,766  INFO main JobRepositoryFactoryBean:163 - No database type set, using meta data indicating: HSQL
15:32:22,861  INFO main SimpleJobLauncher:194 - No TaskExecutor has been set, defaulting to synchronous executor.
main now reading file [F:\home\310095504\wrk\spring-batch-2.2.3.RELEASE\samples\spring-batch-samples\target\classes\data\iosample\input\delimited.csv]
main now reading file [F:\home\310095504\wrk\spring-batch-2.2.3.RELEASE\samples\spring-batch-samples\target\classes\data\iosample\input\delimited.csv]
main now reading file [F:\home\310095504\wrk\spring-batch-2.2.3.RELEASE\samples\spring-batch-samples\target\classes\data\iosample\input\delimited.csv]
main now reading file [F:\home\310095504\wrk\spring-batch-2.2.3.RELEASE\samples\spring-batch-samples\target\classes\data\iosample\input\delimited.csv]
main now reading file [F:\home\310095504\wrk\spring-batch-2.2.3.RELEASE\samples\spring-batch-samples\target\classes\data\iosample\input\delimited.csv]
main now reading file [F:\home\310095504\wrk\spring-batch-2.2.3.RELEASE\samples\spring-batch-samples\target\classes\data\iosample\input\delimited.csv]
main now reading file [F:\home\310095504\wrk\spring-batch-2.2.3.RELEASE\samples\spring-batch-samples\target\classes\data\iosample\input\delimited.csv]
main now reading file [F:\home\310095504\wrk\spring-batch-2.2.3.RELEASE\samples\spring-batch-samples\target\classes\data\iosample\input\delimited2.csv]
main now reading file [F:\home\310095504\wrk\spring-batch-2.2.3.RELEASE\samples\spring-batch-samples\target\classes\data\iosample\input\delimited2.csv]
main now reading file [F:\home\310095504\wrk\spring-batch-2.2.3.RELEASE\samples\spring-batch-samples\target\classes\data\iosample\input\delimited2.csv]
15:32:23,184  INFO main SimpleJobLauncher:132 - Job: [FlowJob: [name=partitionJob]] launched with the following parameters: [{random=432301}]
15:32:23,197  INFO main SimpleStepHandler:135 - Executing step: [step]
SimpleAsyncTaskExecutor-2 now reading URL [file:/F:/home/310095504/wrk/spring-batch-2.2.3.RELEASE/samples/spring-batch-samples/target/classes/data/iosample/input/delimited.csv]
SimpleAsyncTaskExecutor-1 now reading URL [file:/F:/home/310095504/wrk/spring-batch-2.2.3.RELEASE/samples/spring-batch-samples/target/classes/data/iosample/input/delimited2.csv]
SimpleAsyncTaskExecutor-2 now reading URL [file:/F:/home/310095504/wrk/spring-batch-2.2.3.RELEASE/samples/spring-batch-samples/target/classes/data/iosample/input/delimited.csv]
SimpleAsyncTaskExecutor-1 now reading URL [file:/F:/home/310095504/wrk/spring-batch-2.2.3.RELEASE/samples/spring-batch-samples/target/classes/data/iosample/input/delimited2.csv]
SimpleAsyncTaskExecutor-2 now reading URL [file:/F:/home/310095504/wrk/spring-batch-2.2.3.RELEASE/samples/spring-batch-samples/target/classes/data/iosample/input/delimited.csv]
SimpleAsyncTaskExecutor-1 now reading URL [file:/F:/home/310095504/wrk/spring-batch-2.2.3.RELEASE/samples/spring-batch-samples/target/classes/data/iosample/input/delimited2.csv]
SimpleAsyncTaskExecutor-1 now working org.springframework.batch.sample.domain.trade.internal.CustomerCreditIncreaseProcessor
SimpleAsyncTaskExecutor-1 now working org.springframework.batch.sample.domain.trade.internal.CustomerCreditIncreaseProcessor
SimpleAsyncTaskExecutor-2 now reading URL [file:/F:/home/310095504/wrk/spring-batch-2.2.3.RELEASE/samples/spring-batch-samples/target/classes/data/iosample/input/delimited.csv]
SimpleAsyncTaskExecutor-2 now reading URL [file:/F:/home/310095504/wrk/spring-batch-2.2.3.RELEASE/samples/spring-batch-samples/target/classes/data/iosample/input/delimited.csv]
SimpleAsyncTaskExecutor-2 now working org.springframework.batch.sample.domain.trade.internal.CustomerCreditIncreaseProcessor
SimpleAsyncTaskExecutor-2 now working org.springframework.batch.sample.domain.trade.internal.CustomerCreditIncreaseProcessor
SimpleAsyncTaskExecutor-2 now working org.springframework.batch.sample.domain.trade.internal.CustomerCreditIncreaseProcessor
SimpleAsyncTaskExecutor-2 now working org.springframework.batch.sample.domain.trade.internal.CustomerCreditIncreaseProcessor
SimpleAsyncTaskExecutor-2 now working org.springframework.batch.sample.domain.trade.internal.CustomerCreditIncreaseProcessor
SimpleAsyncTaskExecutor-2 now reading URL [file:/F:/home/310095504/wrk/spring-batch-2.2.3.RELEASE/samples/spring-batch-samples/target/classes/data/iosample/input/delimited.csv]
SimpleAsyncTaskExecutor-2 now reading URL [file:/F:/home/310095504/wrk/spring-batch-2.2.3.RELEASE/samples/spring-batch-samples/target/classes/data/iosample/input/delimited.csv]
SimpleAsyncTaskExecutor-2 now working org.springframework.batch.sample.domain.trade.internal.CustomerCreditIncreaseProcessor
15:32:23,307  INFO main SimpleJobLauncher:135 - Job: [FlowJob: [name=partitionJob]] completed with the following parameters: [{random=432301}] and the following status: [COMPLETED]
main now reading file [F:\home\310095504\wrk\spring-batch-2.2.3.RELEASE\samples\spring-batch-samples\target\output\file\delimited.csv]
main now reading file [F:\home\310095504\wrk\spring-batch-2.2.3.RELEASE\samples\spring-batch-samples\target\output\file\delimited.csv]
main now reading file [F:\home\310095504\wrk\spring-batch-2.2.3.RELEASE\samples\spring-batch-samples\target\output\file\delimited.csv]
main now reading file [F:\home\310095504\wrk\spring-batch-2.2.3.RELEASE\samples\spring-batch-samples\target\output\file\delimited.csv]
main now reading file [F:\home\310095504\wrk\spring-batch-2.2.3.RELEASE\samples\spring-batch-samples\target\output\file\delimited.csv]
main now reading file [F:\home\310095504\wrk\spring-batch-2.2.3.RELEASE\samples\spring-batch-samples\target\output\file\delimited.csv]
main now reading file [F:\home\310095504\wrk\spring-batch-2.2.3.RELEASE\samples\spring-batch-samples\target\output\file\delimited.csv]
main now reading file [F:\home\310095504\wrk\spring-batch-2.2.3.RELEASE\samples\spring-batch-samples\target\output\file\delimited2.csv]
main now reading file [F:\home\310095504\wrk\spring-batch-2.2.3.RELEASE\samples\spring-batch-samples\target\output\file\delimited2.csv]
main now reading file [F:\home\310095504\wrk\spring-batch-2.2.3.RELEASE\samples\spring-batch-samples\target\output\file\delimited2.csv]
15:32:23,324  INFO Thread-1 GenericApplicationContext:1042 - Closing org.springframework.context.support.GenericApplicationContext@6719dc16: startup date [Fri Dec 27 15:32:22 CST 2013]; root of context hierarchy
15:32:23,325  INFO Thread-1 DefaultListableBeanFactory:444 - Destroying singletons in org.springframework.beans.factory.support.DefaultListableBeanFactory@19202d69: defining beans [org.springframework.jdbc.datasource.init.DataSourceInitializer#0,dataSource,transactionManager,environment,overrideProperties,placeholderProperties,sequenceIncrementerParent,columnIncrementerParent,incrementerParent,lobHandler,customEditorConfigurer,jobLauncher,org.springframework.batch.core.configuration.support.JobRegistryBeanPostProcessor#0,jobRepository,mapJobRepository,jobOperator,jobExplorer,jobRegistry,jdbcTemplate,logAdvice,eventAdvice,org.springframework.batch.core.scope.internalStepScope,org.springframework.beans.factory.config.CustomEditorConfigurer,org.springframework.batch.core.configuration.xml.CoreNamespacePostProcessor,step,partitionJob,partitioner,taskExecutor,step1,fileNameListener,itemReader,inputTestReader,outputTestReader,testItemReader,itemReaderParent,itemProcessor,itemWriter,org.springframework.context.annotation.internalConfigurationAnnotationProcessor,org.springframework.context.annotation.internalAutowiredAnnotationProcessor,org.springframework.context.annotation.internalRequiredAnnotationProcessor,org.springframework.context.annotation.internalCommonAnnotationProcessor,org.springframework.context.annotation.internalPersistenceAnnotationProcessor,org.springframework.batch.test.JobLauncherTestUtils#0,org.springframework.context.annotation.ConfigurationClassPostProcessor.importAwareProcessor,scopedTarget.fileNameListener,scopedTarget.itemReader,scopedTarget.itemWriter]; root of factory hierarchy
